2026-04-28 14:43:03,816 INFO *******Starting function ['D:\\Bharath\\wensite\\Square-Box\\appsource\\mck_website\\views.py'] : UserPropertyEditPage.get
2026-04-28 14:43:03,935 INFO *******Finished function ['D:\\Bharath\\wensite\\Square-Box\\appsource\\mck_website\\views.py'] : UserPropertyEditPage.get in 0:00:00.118784 seconds
2026-04-28 14:43:19,852 INFO *******Starting function ['D:\\Bharath\\wensite\\Square-Box\\appsource\\mck_website\\views.py'] : UserPropertyEditPage.get
2026-04-28 14:43:19,871 INFO *******Finished function ['D:\\Bharath\\wensite\\Square-Box\\appsource\\mck_website\\views.py'] : UserPropertyEditPage.get in 0:00:00.019237 seconds
2026-04-28 14:44:00,321 INFO *******Starting function ['D:\\Bharath\\wensite\\Square-Box\\appsource\\mck_website\\views.py'] : PropertyLegalServicesPage.get
2026-04-28 14:44:00,330 INFO *******Finished function ['D:\\Bharath\\wensite\\Square-Box\\appsource\\mck_website\\views.py'] : PropertyLegalServicesPage.get in 0:00:00.008124 seconds
2026-04-28 14:44:13,724 INFO *******Starting function ['D:\\Bharath\\wensite\\Square-Box\\appsource\\mck_website\\views.py'] : LandLevellingPage.get
2026-04-28 14:44:13,734 INFO *******Finished function ['D:\\Bharath\\wensite\\Square-Box\\appsource\\mck_website\\views.py'] : LandLevellingPage.get in 0:00:00.010185 seconds
2026-04-28 14:44:42,569 INFO *******Starting function ['D:\\Bharath\\wensite\\Square-Box\\appsource\\mck_website\\views.py'] : LandLevellingPage.get
2026-04-28 14:44:42,716 INFO *******Finished function ['D:\\Bharath\\wensite\\Square-Box\\appsource\\mck_website\\views.py'] : LandLevellingPage.get in 0:00:00.146819 seconds
2026-04-28 14:44:47,293 INFO *******Starting function ['D:\\Bharath\\wensite\\Square-Box\\appsource\\mck_website\\views.py'] : PropertyLegalServicesPage.get
2026-04-28 14:44:47,301 INFO *******Finished function ['D:\\Bharath\\wensite\\Square-Box\\appsource\\mck_website\\views.py'] : PropertyLegalServicesPage.get in 0:00:00.008105 seconds
2026-04-28 14:45:37,089 INFO *******Starting function ['D:\\Bharath\\wensite\\Square-Box\\appsource\\mck_auth\\views.py'] : WebsiteLogOut.get_redirect_url
2026-04-28 14:45:37,095 INFO *******Finished function ['D:\\Bharath\\wensite\\Square-Box\\appsource\\mck_auth\\views.py'] : WebsiteLogOut.get_redirect_url in 0:00:00.005920 seconds
2026-04-28 14:45:37,101 INFO *******Starting function ['D:\\Bharath\\wensite\\Square-Box\\appsource\\mck_website\\views.py'] : HomePage.get
2026-04-28 14:45:37,121 INFO *******Finished function ['D:\\Bharath\\wensite\\Square-Box\\appsource\\mck_website\\views.py'] : HomePage.get in 0:00:00.019494 seconds
2026-04-28 14:45:38,849 INFO *******Starting function ['D:\\Bharath\\wensite\\Square-Box\\appsource\\mck_auth\\views.py'] : WebsiteSignIn.get
2026-04-28 14:45:38,856 INFO *******Finished function ['D:\\Bharath\\wensite\\Square-Box\\appsource\\mck_auth\\views.py'] : WebsiteSignIn.get in 0:00:00.007005 seconds
2026-04-28 14:50:33,096 INFO *******Starting function ['D:\\Bharath\\wensite\\Square-Box\\appsource\\mck_auth\\views.py'] : WebsiteSignIn.get
2026-04-28 14:50:33,120 INFO *******Finished function ['D:\\Bharath\\wensite\\Square-Box\\appsource\\mck_auth\\views.py'] : WebsiteSignIn.get in 0:00:00.023453 seconds
2026-04-28 14:56:05,136 INFO *******Starting function ['D:\\Bharath\\wensite\\Square-Box\\appsource\\mck_website\\views.py'] : HomePage.get
2026-04-28 14:56:05,255 INFO *******Finished function ['D:\\Bharath\\wensite\\Square-Box\\appsource\\mck_website\\views.py'] : HomePage.get in 0:00:00.133796 seconds
2026-04-28 14:56:37,277 INFO *******Starting function ['D:\\Bharath\\wensite\\Square-Box\\appsource\\mck_auth\\views.py'] : WebsiteSignIn.get
2026-04-28 14:56:37,284 INFO *******Finished function ['D:\\Bharath\\wensite\\Square-Box\\appsource\\mck_auth\\views.py'] : WebsiteSignIn.get in 0:00:00.006316 seconds
2026-04-28 14:57:17,062 INFO *******Starting function ['D:\\Bharath\\wensite\\Square-Box\\appsource\\mck_auth\\views.py'] : WebsiteSignUp.get
2026-04-28 14:57:17,066 INFO *******Finished function ['D:\\Bharath\\wensite\\Square-Box\\appsource\\mck_auth\\views.py'] : WebsiteSignUp.get in 0:00:00.003995 seconds
2026-04-28 14:58:31,084 INFO *******Starting function ['D:\\Bharath\\wensite\\Square-Box\\appsource\\mck_auth\\views.py'] : WebsiteSignUp.get
2026-04-28 14:58:31,188 INFO *******Finished function ['D:\\Bharath\\wensite\\Square-Box\\appsource\\mck_auth\\views.py'] : WebsiteSignUp.get in 0:00:00.103839 seconds
2026-04-28 14:58:46,489 INFO *******Starting function ['D:\\Bharath\\wensite\\Square-Box\\appsource\\mck_auth\\views.py'] : WebsiteSignIn.get
2026-04-28 14:58:46,515 INFO *******Finished function ['D:\\Bharath\\wensite\\Square-Box\\appsource\\mck_auth\\views.py'] : WebsiteSignIn.get in 0:00:00.025435 seconds
2026-04-28 14:59:39,547 INFO *******Starting function ['D:\\Bharath\\wensite\\Square-Box\\appsource\\mck_website\\views.py'] : HomePage.get
2026-04-28 14:59:39,605 INFO *******Finished function ['D:\\Bharath\\wensite\\Square-Box\\appsource\\mck_website\\views.py'] : HomePage.get in 0:00:00.057611 seconds
2026-04-28 15:01:28,788 INFO *******Starting function ['D:\\Bharath\\wensite\\Square-Box\\appsource\\mck_auth\\views.py'] : WebsiteSignIn.get
2026-04-28 15:01:28,929 ERROR Function 'WebsiteSignIn.get' raised TemplateSyntaxError with error 'Invalid block tag on line 250: 'static', expected 'endblock'. Did you forget to register or load this tag?'
2026-04-28 15:03:35,382 INFO *******Starting function ['D:\\Bharath\\wensite\\Square-Box\\appsource\\mck_auth\\views.py'] : WebsiteSignIn.get
2026-04-28 15:03:35,418 INFO *******Finished function ['D:\\Bharath\\wensite\\Square-Box\\appsource\\mck_auth\\views.py'] : WebsiteSignIn.get in 0:00:00.036311 seconds
2026-04-28 15:04:57,952 INFO *******Starting function ['D:\\Bharath\\wensite\\Square-Box\\appsource\\mck_auth\\views.py'] : WebsiteSignIn.get
2026-04-28 15:04:57,973 INFO *******Finished function ['D:\\Bharath\\wensite\\Square-Box\\appsource\\mck_auth\\views.py'] : WebsiteSignIn.get in 0:00:00.020421 seconds
2026-04-28 15:05:16,214 INFO *******Starting function ['D:\\Bharath\\wensite\\Square-Box\\appsource\\mck_auth\\views.py'] : WebsiteSignIn.get
2026-04-28 15:05:16,217 INFO *******Finished function ['D:\\Bharath\\wensite\\Square-Box\\appsource\\mck_auth\\views.py'] : WebsiteSignIn.get in 0:00:00.003092 seconds
2026-04-28 15:05:17,140 INFO *******Starting function ['D:\\Bharath\\wensite\\Square-Box\\appsource\\mck_auth\\views.py'] : WebsiteSignUp.get
2026-04-28 15:05:17,142 INFO *******Finished function ['D:\\Bharath\\wensite\\Square-Box\\appsource\\mck_auth\\views.py'] : WebsiteSignUp.get in 0:00:00.001777 seconds
2026-04-28 15:05:19,363 INFO *******Starting function ['D:\\Bharath\\wensite\\Square-Box\\appsource\\mck_auth\\views.py'] : WebsiteSignIn.get
2026-04-28 15:05:19,366 INFO *******Finished function ['D:\\Bharath\\wensite\\Square-Box\\appsource\\mck_auth\\views.py'] : WebsiteSignIn.get in 0:00:00.002999 seconds
2026-04-28 15:05:57,602 INFO *******Starting function ['D:\\Bharath\\wensite\\Square-Box\\appsource\\mck_auth\\views.py'] : WebsiteSignIn.get
2026-04-28 15:05:57,629 INFO *******Finished function ['D:\\Bharath\\wensite\\Square-Box\\appsource\\mck_auth\\views.py'] : WebsiteSignIn.get in 0:00:00.026796 seconds
2026-04-28 15:06:15,477 INFO *******Starting function ['D:\\Bharath\\wensite\\Square-Box\\appsource\\mck_auth\\views.py'] : WebsiteSignIn.get
2026-04-28 15:06:15,505 INFO *******Finished function ['D:\\Bharath\\wensite\\Square-Box\\appsource\\mck_auth\\views.py'] : WebsiteSignIn.get in 0:00:00.027857 seconds
2026-04-28 15:06:27,882 INFO *******Starting function ['D:\\Bharath\\wensite\\Square-Box\\appsource\\mck_auth\\views.py'] : WebsiteSignIn.get
2026-04-28 15:06:27,893 INFO *******Finished function ['D:\\Bharath\\wensite\\Square-Box\\appsource\\mck_auth\\views.py'] : WebsiteSignIn.get in 0:00:00.010851 seconds
2026-04-28 15:06:52,979 INFO *******Starting function ['D:\\Bharath\\wensite\\Square-Box\\appsource\\mck_auth\\views.py'] : WebsiteSignIn.get
2026-04-28 15:06:52,992 INFO *******Finished function ['D:\\Bharath\\wensite\\Square-Box\\appsource\\mck_auth\\views.py'] : WebsiteSignIn.get in 0:00:00.012490 seconds
2026-04-28 15:07:19,245 INFO *******Starting function ['D:\\Bharath\\wensite\\Square-Box\\appsource\\mck_auth\\views.py'] : WebsiteSignIn.get
2026-04-28 15:07:19,250 INFO *******Finished function ['D:\\Bharath\\wensite\\Square-Box\\appsource\\mck_auth\\views.py'] : WebsiteSignIn.get in 0:00:00.004262 seconds
2026-04-28 15:07:19,789 INFO *******Starting function ['D:\\Bharath\\wensite\\Square-Box\\appsource\\mck_auth\\views.py'] : WebsiteSignUp.get
2026-04-28 15:07:19,796 INFO *******Finished function ['D:\\Bharath\\wensite\\Square-Box\\appsource\\mck_auth\\views.py'] : WebsiteSignUp.get in 0:00:00.006534 seconds
2026-04-28 15:07:21,202 INFO *******Starting function ['D:\\Bharath\\wensite\\Square-Box\\appsource\\mck_auth\\views.py'] : WebsiteSignIn.get
2026-04-28 15:07:21,207 INFO *******Finished function ['D:\\Bharath\\wensite\\Square-Box\\appsource\\mck_auth\\views.py'] : WebsiteSignIn.get in 0:00:00.004219 seconds
2026-04-28 15:07:40,013 INFO *******Starting function ['D:\\Bharath\\wensite\\Square-Box\\appsource\\mck_auth\\views.py'] : WebsiteSignUp.get
2026-04-28 15:07:40,017 INFO *******Finished function ['D:\\Bharath\\wensite\\Square-Box\\appsource\\mck_auth\\views.py'] : WebsiteSignUp.get in 0:00:00.004321 seconds
2026-04-28 15:09:07,029 INFO *******Starting function ['D:\\Bharath\\wensite\\Square-Box\\appsource\\mck_auth\\views.py'] : WebsiteSignUp.get
2026-04-28 15:09:07,057 ERROR Function 'WebsiteSignUp.get' raised TemplateSyntaxError with error 'Invalid block tag on line 311: 'static', expected 'endblock'. Did you forget to register or load this tag?'
2026-04-28 15:09:24,147 INFO *******Starting function ['D:\\Bharath\\wensite\\Square-Box\\appsource\\mck_auth\\views.py'] : WebsiteSignUp.get
2026-04-28 15:09:24,191 INFO *******Finished function ['D:\\Bharath\\wensite\\Square-Box\\appsource\\mck_auth\\views.py'] : WebsiteSignUp.get in 0:00:00.044040 seconds
2026-04-28 15:10:43,515 INFO *******Starting function ['D:\\Bharath\\wensite\\Square-Box\\appsource\\mck_auth\\views.py'] : WebsiteSignUp.get
2026-04-28 15:10:43,553 INFO *******Finished function ['D:\\Bharath\\wensite\\Square-Box\\appsource\\mck_auth\\views.py'] : WebsiteSignUp.get in 0:00:00.038254 seconds
2026-04-28 15:10:52,582 INFO *******Starting function ['D:\\Bharath\\wensite\\Square-Box\\appsource\\mck_auth\\views.py'] : WebsiteSignIn.get
2026-04-28 15:10:52,583 INFO *******Finished function ['D:\\Bharath\\wensite\\Square-Box\\appsource\\mck_auth\\views.py'] : WebsiteSignIn.get in 0:00:00.000998 seconds
2026-04-28 15:10:55,595 INFO *******Starting function ['D:\\Bharath\\wensite\\Square-Box\\appsource\\mck_auth\\views.py'] : WebsiteSignUp.get
2026-04-28 15:10:55,597 INFO *******Finished function ['D:\\Bharath\\wensite\\Square-Box\\appsource\\mck_auth\\views.py'] : WebsiteSignUp.get in 0:00:00.002398 seconds
2026-04-28 15:11:01,028 INFO *******Starting function ['D:\\Bharath\\wensite\\Square-Box\\appsource\\mck_auth\\views.py'] : WebsiteSignIn.get
2026-04-28 15:11:01,032 INFO *******Finished function ['D:\\Bharath\\wensite\\Square-Box\\appsource\\mck_auth\\views.py'] : WebsiteSignIn.get in 0:00:00.004070 seconds
2026-04-28 15:11:22,493 INFO *******Starting function ['D:\\Bharath\\wensite\\Square-Box\\appsource\\mck_auth\\views.py'] : WebsiteSignUp.get
2026-04-28 15:11:22,498 INFO *******Finished function ['D:\\Bharath\\wensite\\Square-Box\\appsource\\mck_auth\\views.py'] : WebsiteSignUp.get in 0:00:00.004176 seconds
2026-04-28 15:11:37,789 INFO *******Starting function ['D:\\Bharath\\wensite\\Square-Box\\appsource\\mck_auth\\views.py'] : WebsiteSignUp.get
2026-04-28 15:11:37,839 INFO *******Finished function ['D:\\Bharath\\wensite\\Square-Box\\appsource\\mck_auth\\views.py'] : WebsiteSignUp.get in 0:00:00.050144 seconds
2026-04-28 15:11:54,756 INFO *******Starting function ['D:\\Bharath\\wensite\\Square-Box\\appsource\\mck_auth\\views.py'] : WebsiteSignUp.get
2026-04-28 15:11:54,789 INFO *******Finished function ['D:\\Bharath\\wensite\\Square-Box\\appsource\\mck_auth\\views.py'] : WebsiteSignUp.get in 0:00:00.032605 seconds
2026-04-28 15:12:15,339 INFO *******Starting function ['D:\\Bharath\\wensite\\Square-Box\\appsource\\mck_auth\\views.py'] : WebsiteSignUp.get
2026-04-28 15:12:15,375 INFO *******Finished function ['D:\\Bharath\\wensite\\Square-Box\\appsource\\mck_auth\\views.py'] : WebsiteSignUp.get in 0:00:00.036600 seconds
2026-04-28 15:12:16,379 INFO *******Starting function ['D:\\Bharath\\wensite\\Square-Box\\appsource\\mck_auth\\views.py'] : WebsiteSignUp.get
2026-04-28 15:12:16,379 INFO *******Finished function ['D:\\Bharath\\wensite\\Square-Box\\appsource\\mck_auth\\views.py'] : WebsiteSignUp.get in 0:00:00 seconds
2026-04-28 15:12:28,073 INFO *******Starting function ['D:\\Bharath\\wensite\\Square-Box\\appsource\\mck_auth\\views.py'] : WebsiteSignUp.get
2026-04-28 15:12:28,105 INFO *******Finished function ['D:\\Bharath\\wensite\\Square-Box\\appsource\\mck_auth\\views.py'] : WebsiteSignUp.get in 0:00:00.032281 seconds
2026-04-28 15:12:44,588 INFO *******Starting function ['D:\\Bharath\\wensite\\Square-Box\\appsource\\mck_auth\\views.py'] : WebsiteSignUp.get
2026-04-28 15:12:44,625 INFO *******Finished function ['D:\\Bharath\\wensite\\Square-Box\\appsource\\mck_auth\\views.py'] : WebsiteSignUp.get in 0:00:00.037400 seconds
2026-04-28 15:15:19,893 INFO *******Starting function ['D:\\Bharath\\wensite\\Square-Box\\appsource\\mck_auth\\views.py'] : WebsiteSignUp.get
2026-04-28 15:15:19,968 INFO *******Finished function ['D:\\Bharath\\wensite\\Square-Box\\appsource\\mck_auth\\views.py'] : WebsiteSignUp.get in 0:00:00.074836 seconds
2026-04-28 15:15:35,443 INFO *******Starting function ['D:\\Bharath\\wensite\\Square-Box\\appsource\\mck_auth\\views.py'] : WebsiteSignUp.get
2026-04-28 15:15:35,492 INFO *******Finished function ['D:\\Bharath\\wensite\\Square-Box\\appsource\\mck_auth\\views.py'] : WebsiteSignUp.get in 0:00:00.049014 seconds
2026-04-28 15:15:56,456 INFO *******Starting function ['D:\\Bharath\\wensite\\Square-Box\\appsource\\mck_auth\\views.py'] : WebsiteSignUp.get
2026-04-28 15:15:56,501 INFO *******Finished function ['D:\\Bharath\\wensite\\Square-Box\\appsource\\mck_auth\\views.py'] : WebsiteSignUp.get in 0:00:00.044896 seconds
2026-04-28 15:16:06,028 INFO *******Starting function ['D:\\Bharath\\wensite\\Square-Box\\appsource\\mck_auth\\views.py'] : WebsiteSignUp.get
2026-04-28 15:16:06,056 INFO *******Finished function ['D:\\Bharath\\wensite\\Square-Box\\appsource\\mck_auth\\views.py'] : WebsiteSignUp.get in 0:00:00.028694 seconds
2026-04-28 15:16:13,504 INFO *******Starting function ['D:\\Bharath\\wensite\\Square-Box\\appsource\\mck_auth\\views.py'] : WebsiteSignIn.get
2026-04-28 15:16:13,512 INFO *******Finished function ['D:\\Bharath\\wensite\\Square-Box\\appsource\\mck_auth\\views.py'] : WebsiteSignIn.get in 0:00:00.008322 seconds
2026-04-28 15:16:37,459 INFO *******Starting function ['D:\\Bharath\\wensite\\Square-Box\\appsource\\mck_auth\\views.py'] : WebsiteSignIn.get
2026-04-28 15:16:37,481 INFO *******Finished function ['D:\\Bharath\\wensite\\Square-Box\\appsource\\mck_auth\\views.py'] : WebsiteSignIn.get in 0:00:00.022148 seconds
2026-04-28 15:16:50,171 INFO *******Starting function ['D:\\Bharath\\wensite\\Square-Box\\appsource\\mck_auth\\views.py'] : WebsiteSignIn.get
2026-04-28 15:16:50,188 INFO *******Finished function ['D:\\Bharath\\wensite\\Square-Box\\appsource\\mck_auth\\views.py'] : WebsiteSignIn.get in 0:00:00.016692 seconds
2026-04-28 15:17:21,496 INFO *******Starting function ['D:\\Bharath\\wensite\\Square-Box\\appsource\\mck_auth\\views.py'] : WebsiteSignIn.get
2026-04-28 15:17:21,518 INFO *******Finished function ['D:\\Bharath\\wensite\\Square-Box\\appsource\\mck_auth\\views.py'] : WebsiteSignIn.get in 0:00:00.021657 seconds
2026-04-28 15:17:39,781 INFO *******Starting function ['D:\\Bharath\\wensite\\Square-Box\\appsource\\mck_website\\views.py'] : HomePage.get
2026-04-28 15:17:39,829 INFO *******Finished function ['D:\\Bharath\\wensite\\Square-Box\\appsource\\mck_website\\views.py'] : HomePage.get in 0:00:00.047999 seconds
2026-04-28 15:17:47,996 INFO *******Starting function ['D:\\Bharath\\wensite\\Square-Box\\appsource\\mck_auth\\views.py'] : WebsiteSignIn.get
2026-04-28 15:17:48,006 INFO *******Finished function ['D:\\Bharath\\wensite\\Square-Box\\appsource\\mck_auth\\views.py'] : WebsiteSignIn.get in 0:00:00.010816 seconds
2026-04-28 15:17:49,851 INFO *******Starting function ['D:\\Bharath\\wensite\\Square-Box\\appsource\\mck_website\\views.py'] : HomePage.get
2026-04-28 15:17:49,862 INFO *******Finished function ['D:\\Bharath\\wensite\\Square-Box\\appsource\\mck_website\\views.py'] : HomePage.get in 0:00:00.011132 seconds
2026-04-28 15:36:27,816 INFO *******Starting function ['D:\\Bharath\\wensite\\Square-Box\\appsource\\mck_auth\\views.py'] : SignIn.get
2026-04-28 15:36:27,822 INFO *******Finished function ['D:\\Bharath\\wensite\\Square-Box\\appsource\\mck_auth\\views.py'] : SignIn.get in 0:00:00.006478 seconds
2026-04-28 15:37:13,499 INFO *******Starting function ['D:\\Bharath\\wensite\\Square-Box\\appsource\\squarebox\\api.py'] : ajax_enquiry_save
2026-04-28 15:37:13,499 INFO Processing enquiry save
2026-04-28 15:37:13,511 INFO lead object created with ID: 1
2026-04-28 15:37:13,511 INFO *******Finished function ['D:\\Bharath\\wensite\\Square-Box\\appsource\\squarebox\\api.py'] : ajax_enquiry_save in 0:00:00.011866 seconds
2026-04-28 15:37:20,017 INFO *******Starting function ['D:\\Bharath\\wensite\\Square-Box\\appsource\\squarebox\\api.py'] : ajax_enquiry_save
2026-04-28 15:37:20,017 INFO Processing enquiry save
2026-04-28 15:37:20,017 INFO lead object created with ID: 2
2026-04-28 15:37:20,017 INFO *******Finished function ['D:\\Bharath\\wensite\\Square-Box\\appsource\\squarebox\\api.py'] : ajax_enquiry_save in 0:00:00 seconds
2026-04-28 15:37:26,786 INFO *******Starting function ['D:\\Bharath\\wensite\\Square-Box\\appsource\\mck_website\\views.py'] : LandLevellingPage.get
2026-04-28 15:37:26,791 INFO *******Finished function ['D:\\Bharath\\wensite\\Square-Box\\appsource\\mck_website\\views.py'] : LandLevellingPage.get in 0:00:00.005285 seconds
2026-04-28 15:37:40,214 INFO *******Starting function ['D:\\Bharath\\wensite\\Square-Box\\appsource\\mck_website\\views.py'] : HomePage.get
2026-04-28 15:37:40,252 INFO *******Finished function ['D:\\Bharath\\wensite\\Square-Box\\appsource\\mck_website\\views.py'] : HomePage.get in 0:00:00.037668 seconds
